Daily back-up / Time of commit: Mon Nov 14 07:53:22 AM EST 2022  
Daily back-up / Time of commit: Mon Nov 14 07:53:26 AM EST 2022  
Daily back-up / Time of commit: Mon Nov 14 07:53:30 AM EST 2022  
Daily back-up / Time of commit: Mon Nov 14 07:53:34 AM EST 2022  
Daily back-up / Time of commit: Mon Nov 14 09:50:05 EST 2022  
Daily back-up / Time of commit: Mon Nov 14 09:50:11 EST 2022  
Daily back-up / Time of commit: Mon Nov 14 09:50:15 EST 2022  
Daily back-up / Time of commit: Mon Nov 14 09:52:05 EST 2022  
Daily back-up / Time of commit: Mon Nov 14 09:52:10 EST 2022  
Daily back-up / Time of commit: Mon Nov 14 09:52:14 EST 2022  
Daily back-up / Time of commit: Tue Nov 15 09:38:29 AM EST 2022  
Daily back-up / Time of commit: Tue Nov 15 09:38:33 AM EST 2022  
Daily back-up / Time of commit: Tue Nov 15 09:38:37 AM EST 2022  
Daily back-up / Time of commit: Wed Nov 16 00:00:05 EST 2022  
Daily back-up / Time of commit: Wed Nov 16 00:00:10 EST 2022  
Daily back-up / Time of commit: Wed Nov 16 00:00:14 EST 2022  
Daily back-up / Time of commit: Thu Nov 17 00:00:06 EST 2022  
Daily back-up / Time of commit: Thu Nov 17 00:00:10 EST 2022  
Daily back-up / Time of commit: Thu Nov 17 00:00:14 EST 2022  
Daily back-up / Time of commit: Fri Nov 18 00:00:05 EST 2022  
Daily back-up / Time of commit: Fri Nov 18 00:00:09 EST 2022  
Daily back-up / Time of commit: Fri Nov 18 00:00:13 EST 2022  
Daily back-up / Time of commit: Sat Nov 19 00:00:05 EST 2022  
Daily back-up / Time of commit: Sat Nov 19 00:00:09 EST 2022  
Daily back-up / Time of commit: Sat Nov 19 00:00:13 EST 2022  
Daily back-up / Time of commit: Sun Nov 20 00:00:05 EST 2022  
Daily back-up / Time of commit: Sun Nov 20 00:00:09 EST 2022  
Daily back-up / Time of commit: Sun Nov 20 00:00:13 EST 2022  
Daily back-up / Time of commit: Thu Nov 24 10:08:29 PM EST 2022  
Daily back-up / Time of commit: Thu Nov 24 10:08:33 PM EST 2022  
Daily back-up / Time of commit: Thu Nov 24 10:08:37 PM EST 2022  
Daily back-up / Time of commit: Thu Nov 24 10:08:41 PM EST 2022  
Daily back-up / Time of commit: Fri Nov 25 00:00:05 EST 2022  
Daily back-up / Time of commit: Fri Nov 25 00:00:09 EST 2022  
Daily back-up / Time of commit: Fri Nov 25 00:00:13 EST 2022  
Daily back-up / Time of commit: Sat Nov 26 00:00:05 EST 2022  
Daily back-up / Time of commit: Sat Nov 26 00:00:09 EST 2022  
Daily back-up / Time of commit: Sat Nov 26 00:00:13 EST 2022  
Daily back-up / Time of commit: Sun Nov 27 00:00:05 EST 2022  
Daily back-up / Time of commit: Sun Nov 27 00:00:09 EST 2022  
Daily back-up / Time of commit: Sun Nov 27 00:00:13 EST 2022  
Daily back-up / Time of commit: Mon Nov 28 00:00:05 EST 2022  
Daily back-up / Time of commit: Mon Nov 28 00:00:09 EST 2022  
Daily back-up / Time of commit: Mon Nov 28 00:00:14 EST 2022  
Daily back-up / Time of commit: Tue Nov 29 00:00:05 EST 2022  
Daily back-up / Time of commit: Tue Nov 29 00:00:09 EST 2022  
Daily back-up / Time of commit: Tue Nov 29 00:00:13 EST 2022  
Daily back-up / Time of commit: Wed 30 Nov 2022 12:01:04 AM EST  
Daily back-up / Time of commit: Wed 30 Nov 2022 12:01:08 AM EST  
Daily back-up / Time of commit: Wed 30 Nov 2022 12:01:13 AM EST  
Daily back-up / Time of commit: Wed 30 Nov 2022 09:47:14 AM EST  
Daily back-up / Time of commit: Wed 30 Nov 2022 09:47:19 AM EST  
Daily back-up / Time of commit: Wed 30 Nov 2022 09:47:23 AM EST  
Daily back-up / Time of commit: Wed 30 Nov 2022 09:47:27 AM EST  
Daily back-up / Time of commit: Wed 30 Nov 2022 09:48:04 AM EST  
Daily back-up / Time of commit: Wed 30 Nov 2022 09:48:08 AM EST  
Daily back-up / Time of commit: Wed 30 Nov 2022 09:48:12 AM EST  
Daily back-up / Time of commit: Wed 30 Nov 2022 09:48:16 AM EST  
Daily back-up / Time of commit: Thu 01 Dec 2022 12:01:05 AM EST  
Daily back-up / Time of commit: Thu 01 Dec 2022 12:01:09 AM EST  
Daily back-up / Time of commit: Thu 01 Dec 2022 12:01:14 AM EST  
Daily back-up / Time of commit: Fri 02 Dec 2022 12:01:05 AM EST  
Daily back-up / Time of commit: Fri 02 Dec 2022 12:01:09 AM EST  
Daily back-up / Time of commit: Fri 02 Dec 2022 12:01:13 AM EST  
Daily back-up / Time of commit: Sat 03 Dec 2022 12:01:05 AM EST  
Daily back-up / Time of commit: Sat 03 Dec 2022 12:01:09 AM EST  
